#
# There is insufficient memory for the Java Runtime Environment to continue.
# Native memory allocation (mmap) failed to map 266338304 bytes for G1 virtual space
# Possible reasons:
#   The system is out of physical RAM or swap space
#   The process is running with CompressedOops enabled, and the Java Heap may be blocking the growth of the native heap
# Possible solutions:
#   Reduce memory load on the system
#   Increase physical memory or swap space
#   Check if swap backing store is full
#   Decrease Java heap size (-Xmx/-Xms)
#   Decrease number of Java threads
#   Decrease Java thread stack sizes (-Xss)
#   Set larger code cache with -XX:ReservedCodeCacheSize=
#   JVM is running with Zero Based Compressed Oops mode in which the Java heap is
#     placed in the first 32GB address space. The Java Heap base address is the
#     maximum limit for the native heap growth. Please use -XX:HeapBaseMinAddress
#     to set the Java Heap base and to place the Java Heap above 32GB virtual address.
# This output file may be truncated or incomplete.
#
#  Out of Memory Error (os_windows.cpp:3541), pid=20476, tid=20208
#
# JRE version:  (17.0.5+9) (build )
# Java VM: Java HotSpot(TM) 64-Bit Server VM (17.0.5+9-LTS-191, mixed mode, sharing, tiered, compressed oops, compressed class ptrs, g1 gc, windows-amd64)
# No core dump will be written. Minidumps are not enabled by default on client versions of Windows
#

---------------  S U M M A R Y ------------

Command Line: -Dfile.encoding=UTF-8 -XX:+ShowCodeDetailsInExceptionMessages src.guiHandling.mainWindow

Host: Intel(R) Core(TM) i5-10300H CPU @ 2.50GHz, 8 cores, 15G,  Windows 10 , 64 bit Build 19041 (10.0.19041.2788)
Time: Sat Apr 22 15:10:32 2023 Eastern Daylight Time elapsed time: 0.009870 seconds (0d 0h 0m 0s)

---------------  T H R E A D  ---------------

Current thread (0x000001cb150cde80):  JavaThread "Unknown thread" [_thread_in_vm, id=20208, stack(0x0000002afae00000,0x0000002afaf00000)]

Stack: [0x0000002afae00000,0x0000002afaf00000]
Native frames: (J=compiled Java code, j=interpreted, Vv=VM code, C=native code)
V  [jvm.dll+0x672eea]
V  [jvm.dll+0x7d2a04]
V  [jvm.dll+0x7d41ae]
V  [jvm.dll+0x7d4813]
V  [jvm.dll+0x242c15]
V  [jvm.dll+0x66fe09]
V  [jvm.dll+0x664682]
V  [jvm.dll+0x300e8b]
V  [jvm.dll+0x308426]
V  [jvm.dll+0x357ffe]
V  [jvm.dll+0x35822f]
V  [jvm.dll+0x2d80a8]
V  [jvm.dll+0x2d9014]
V  [jvm.dll+0x7a44e1]
V  [jvm.dll+0x365df1]
V  [jvm.dll+0x7838fc]
V  [jvm.dll+0x3e873f]
V  [jvm.dll+0x3ea1e1]
C  [jli.dll+0x527b]
C  [ucrtbase.dll+0x21bb2]
C  [KERNEL32.DLL+0x17604]
C  [ntdll.dll+0x526a1]


---------------  P R O C E S S  ---------------

Threads class SMR info:
_java_thread_list=0x00007ffe0bfaa8d8, length=0, elements={
}

Java Threads: ( => current thread )

Other Threads:
  0x000001cb15138330 GCTaskThread "GC Thread#0" [stack: 0x0000002afaf00000,0x0000002afb000000] [id=27712]
  0x000001cb15149670 ConcurrentGCThread "G1 Main Marker" [stack: 0x0000002afb000000,0x0000002afb100000] [id=36860]
  0x000001cb15149f90 ConcurrentGCThread "G1 Conc#0" [stack: 0x0000002afb100000,0x0000002afb200000] [id=25404]

[error occurred during error reporting (printing all threads), id 0xc0000005, EXCEPTION_ACCESS_VIOLATION (0xc0000005) at pc=0x00007ffe0b7f8a97]

VM state: not at safepoint (not fully initialized)

VM Mutex/Monitor currently owned by a thread:  ([mutex/lock_event])
[0x000001cb150c80a0] Heap_lock - owner thread: 0x000001cb150cde80

Heap address: 0x0000000702a00000, size: 4054 MB, Compressed Oops mode: Zero based, Oop shift amount: 3

CDS archive(s) mapped at: [0x0000000000000000-0x0000000000000000-0x0000000000000000), size 0, SharedBaseAddress: 0x0000000800000000, ArchiveRelocationMode: 0.
Narrow klass base: 0x0000000000000000, Narrow klass shift: 0, Narrow klass range: 0x0

GC Precious Log:
<Empty>

Heap:
 garbage-first heap   total 0K, used 0K [0x0000000702a00000, 0x0000000800000000)
  region size 2048K, 0 young (0K), 0 survivors (0K)

[error occurred during error reporting (printing heap information), id 0xc0000005, EXCEPTION_ACCESS_VIOLATION (0xc0000005) at pc=0x00007ffe0bbdc399]

GC Heap History (0 events):
No events

Deoptimization events (0 events):
No events

Classes unloaded (0 events):
No events

Classes redefined (0 events):
No events

Internal exceptions (0 events):
No events

VM Operations (0 events):
No events

Events (1 events):
Event: 0.006 Loaded shared library C:\Program Files\Java\jdk-17.0.5\bin\java.dll


Dynamic libraries:
0x00007ff724940000 - 0x00007ff724950000 	C:\Program Files\Java\jdk-17.0.5\bin\javaw.exe
0x00007ffe8fd10000 - 0x00007ffe8ff08000 	C:\WINDOWS\SYSTEM32\ntdll.dll
0x00007ffe8e8a0000 - 0x00007ffe8e95f000 	C:\WINDOWS\System32\KERNEL32.DLL
0x00007ffe8d620000 - 0x00007ffe8d8fa000 	C:\WINDOWS\System32\KERNELBASE.dll
0x00007ffe8db40000 - 0x00007ffe8dc40000 	C:\WINDOWS\System32\ucrtbase.dll
0x00007ffe852f0000 - 0x00007ffe85308000 	C:\Program Files\Java\jdk-17.0.5\bin\jli.dll
0x00007ffe852a0000 - 0x00007ffe852ba000 	C:\Program Files\Java\jdk-17.0.5\bin\VCRUNTIME140.dll
0x00007ffe8e1b0000 - 0x00007ffe8e25e000 	C:\WINDOWS\System32\ADVAPI32.dll
0x00007ffe8ea70000 - 0x00007ffe8eb0e000 	C:\WINDOWS\System32\msvcrt.dll
0x00007ffe8f460000 - 0x00007ffe8f4fc000 	C:\WINDOWS\System32\sechost.dll
0x00007ffe8df60000 - 0x00007ffe8e086000 	C:\WINDOWS\System32\RPCRT4.dll
0x00007ffe8eb70000 - 0x00007ffe8ed0d000 	C:\WINDOWS\System32\USER32.dll
0x00007ffe8da60000 - 0x00007ffe8da82000 	C:\WINDOWS\System32\win32u.dll
0x00007ffe8e960000 - 0x00007ffe8e98b000 	C:\WINDOWS\System32\GDI32.dll
0x00007ffe79730000 - 0x00007ffe799ca000 	C:\WINDOWS\WinSxS\amd64_microsoft.windows.common-controls_6595b64144ccf1df_6.0.19041.1110_none_60b5254171f9507e\COMCTL32.dll
0x00007ffe8d510000 - 0x00007ffe8d620000 	C:\WINDOWS\System32\gdi32full.dll
0x00007ffe8dcd0000 - 0x00007ffe8dd6d000 	C:\WINDOWS\System32\msvcp_win.dll
0x00007ffe84e10000 - 0x00007ffe84e1a000 	C:\WINDOWS\SYSTEM32\VERSION.dll
0x00007ffe8dd70000 - 0x00007ffe8dda0000 	C:\WINDOWS\System32\IMM32.DLL
0x00007ffe87790000 - 0x00007ffe8779c000 	C:\Program Files\Java\jdk-17.0.5\bin\vcruntime140_1.dll
0x00007ffe4a700000 - 0x00007ffe4a78d000 	C:\Program Files\Java\jdk-17.0.5\bin\msvcp140.dll
0x00007ffe0b510000 - 0x00007ffe0c0d2000 	C:\Program Files\Java\jdk-17.0.5\bin\server\jvm.dll
0x00007ffe8e420000 - 0x00007ffe8e428000 	C:\WINDOWS\System32\PSAPI.DLL
0x00007ffe7b070000 - 0x00007ffe7b097000 	C:\WINDOWS\SYSTEM32\WINMM.dll
0x00007ffe78c20000 - 0x00007ffe78c29000 	C:\WINDOWS\SYSTEM32\WSOCK32.dll
0x00007ffe8e3b0000 - 0x00007ffe8e41b000 	C:\WINDOWS\System32\WS2_32.dll
0x00007ffe8bc70000 - 0x00007ffe8bc82000 	C:\WINDOWS\SYSTEM32\kernel.appcore.dll
0x00007ffe87450000 - 0x00007ffe8745a000 	C:\Program Files\Java\jdk-17.0.5\bin\jimage.dll
0x00007ffe8b1e0000 - 0x00007ffe8b3c4000 	C:\WINDOWS\SYSTEM32\DBGHELP.DLL
0x00007ffe80b00000 - 0x00007ffe80b34000 	C:\WINDOWS\SYSTEM32\dbgcore.DLL
0x00007ffe8dc40000 - 0x00007ffe8dcc2000 	C:\WINDOWS\System32\bcryptPrimitives.dll
0x00007ffe75300000 - 0x00007ffe75325000 	C:\Program Files\Java\jdk-17.0.5\bin\java.dll

dbghelp: loaded successfully - version: 4.0.5 - missing functions: none
symbol engine: initialized successfully - sym options: 0x614 - pdb path: .;C:\Program Files\Java\jdk-17.0.5\bin;C:\WINDOWS\SYSTEM32;C:\WINDOWS\WinSxS\amd64_microsoft.windows.common-controls_6595b64144ccf1df_6.0.19041.1110_none_60b5254171f9507e;C:\Program Files\Java\jdk-17.0.5\bin\server

VM Arguments:
jvm_args: -Dfile.encoding=UTF-8 -XX:+ShowCodeDetailsInExceptionMessages 
java_command: src.guiHandling.mainWindow
java_class_path (initial): C:\CO-ST\CO-ST\CO-ST\jgoodies-forms-1.8.0.jar;C:\CO-ST\CO-ST\CO-ST\target\classes;C:\Users\logho\.m2\repository\com\jgoodies\jgoodies-forms\1.8.0\jgoodies-forms-1.8.0.jar;C:\Users\logho\.m2\repository\com\jgoodies\jgoodies-common\1.8.0\jgoodies-common-1.8.0.jar
Launcher Type: SUN_STANDARD

[Global flags]
     intx CICompilerCount                          = 4                                         {product} {ergonomic}
     uint ConcGCThreads                            = 2                                         {product} {ergonomic}
     uint G1ConcRefinementThreads                  = 8                                         {product} {ergonomic}
   size_t G1HeapRegionSize                         = 2097152                                   {product} {ergonomic}
    uintx GCDrainStackTargetSize                   = 64                                        {product} {ergonomic}
   size_t InitialHeapSize                          = 266338304                                 {product} {ergonomic}
   size_t MarkStackSize                            = 4194304                                   {product} {ergonomic}
   size_t MaxHeapSize                              = 4250927104                                {product} {ergonomic}
   size_t MinHeapDeltaBytes                        = 2097152                                   {product} {ergonomic}
   size_t MinHeapSize                              = 8388608                                   {product} {ergonomic}
    uintx NonNMethodCodeHeapSize                   = 5839372                                {pd product} {ergonomic}
    uintx NonProfiledCodeHeapSize                  = 122909434                              {pd product} {ergonomic}
    uintx ProfiledCodeHeapSize                     = 122909434                              {pd product} {ergonomic}
    uintx ReservedCodeCacheSize                    = 251658240                              {pd product} {ergonomic}
     bool SegmentedCodeCache                       = true                                      {product} {ergonomic}
     bool ShowCodeDetailsInExceptionMessages       = true                                   {manageable} {command line}
   size_t SoftMaxHeapSize                          = 4250927104                             {manageable} {ergonomic}
     bool UseCompressedClassPointers               = true                           {product lp64_product} {ergonomic}
     bool UseCompressedOops                        = true                           {product lp64_product} {ergonomic}
     bool UseG1GC                                  = true                                      {product} {ergonomic}
     bool UseLargePagesIndividualAllocation        = false                                  {pd product} {ergonomic}

Logging:
Log output configuration:
 #0: stdout all=warning uptime,level,tags
 #1: stderr all=off uptime,level,tags

Environment Variables:
JAVA_HOME=C:\Program Files (x86)\Java\jre1.8.0_361
PATH=C:\Program Files (x86)\Common Files\Intel\Shared Libraries\redist\intel64\compiler;C:\Program Files\Common Files\Oracle\Java\javapath;C:\Program Files\Oculus\Support\oculus-runtime;C:\Program Files (x86)\Common Files\Oracle\Java\javapath;C:\Windows\system32;C:\Windows;C:\Windows\System32\Wbem;C:\Windows\System32\WindowsPowerShell\v1.0\;C:\Windows\System32\OpenSSH\;C:\Program Files (x86)\NVIDIA Corporation\PhysX\Common;C:\WINDOWS\system32;C:\WINDOWS;C:\WINDOWS\System32\Wbem;C:\WINDOWS\System32\WindowsPowerShell\v1.0\;C:\WINDOWS\System32\OpenSSH\;C:\Program Files\dotnet\;C:\Program Files\Git\cmd;E:\ninja;C:\Program Files\PuTTY\;C:\Program Files\WorldPainter;C:\Users\logho\AppData\Local\Microsoft\WindowsApps;C:\Users\logho\AppData\Local\GitHubDesktop\bin;E:\Microsoft VS Code\bin;C:\Program Files (x86)\Java\jre1.8.0_361\bin;
USERNAME=logho
OS=Windows_NT
PROCESSOR_IDENTIFIER=Intel64 Family 6 Model 165 Stepping 2, GenuineIntel



---------------  S Y S T E M  ---------------

OS:
 Windows 10 , 64 bit Build 19041 (10.0.19041.2788)
OS uptime: 5 days 7:04 hours

CPU: total 8 (initial active 8) (4 cores per cpu, 2 threads per core) family 6 model 165 stepping 2 microcode 0xc8, cx8, cmov, fxsr, ht, mmx, 3dnowpref, sse, sse2, sse3, ssse3, sse4.1, sse4.2, popcnt, lzcnt, tsc, tscinvbit, avx, avx2, aes, erms, clmul, bmi1, bmi2, adx, fma, vzeroupper, clflush, clflushopt

Memory: 4k page, system-wide physical 16215M (615M free)
TotalPageFile size 46591M (AvailPageFile size 236M)
current process WorkingSet (physical memory assigned to process): 10M, peak: 10M
current process commit charge ("private bytes"): 60M, peak: 314M

vm_info: Java HotSpot(TM) 64-Bit Server VM (17.0.5+9-LTS-191) for windows-amd64 JRE (17.0.5+9-LTS-191), built on Sep 13 2022 17:31:43 by "mach5one" with MS VC++ 16.8 / 16.9 (VS2019)

END.
